<?xml version="1.0" encoding="UTF-8"?>
<!-- Generated by org.testng.reporters.JUnitReportReporter -->
<testsuite hostname="DESKTOP-BR" name="Login.readdatafromweb" tests="3" failures="0" timestamp="13 Feb 2020 22:53:19 GMT" time="5.151" errors="0">
  <testcase name="OHRMEmployeelist" time="2.345" classname="Login.readdatafromweb"/>
  <testcase name="OHRMAddEmployee" time="2.791" classname="Login.readdatafromweb"/>
  <testcase name="OHRMTitleTest" time="0.015" classname="Login.readdatafromweb"/>
</testsuite> <!-- Login.readdatafromweb -->
