<?xml version="1.0" encoding="UTF-8"?>
<!-- Generated by org.testng.reporters.JUnitReportReporter -->
<testsuite hostname="DESKTOP-BR" name="ExtentReport.GoogleSearchwithTestNGExtentReport" tests="2" failures="0" timestamp="14 Feb 2020 04:26:45 GMT" time="2.397" errors="0">
  <testcase name="test2" time="1.735" classname="ExtentReport.GoogleSearchwithTestNGExtentReport"/>
  <testcase name="test1" time="0.662" classname="ExtentReport.GoogleSearchwithTestNGExtentReport"/>
</testsuite> <!-- ExtentReport.GoogleSearchwithTestNGExtentReport -->
