<?xml version="1.0" encoding="UTF-8"?>
<!-- Generated by org.testng.reporters.JUnitReportReporter -->
<testsuite hostname="DESKTOP-BR" name="Login.paralleltesting" tests="2" failures="0" timestamp="12 Feb 2020 13:13:31 GMT" time="8.872" errors="0">
  <testcase name="testParameterWithXML" time="3.240" classname="Login.paralleltesting"/>
  <testcase name="testParameterWithXML" time="5.632" classname="Login.paralleltesting"/>
</testsuite> <!-- Login.paralleltesting -->
